<?xml version="1.0" encoding="UTF-8"?>
<!-- Generated by org.testng.reporters.JUnitReportReporter -->
<testsuite hostname="LAPTOP-HDJE5QPF" failures="0" tests="5" name="org.test.Sample1" time="39.762" errors="0" timestamp="07 Apr 2021 08:09:11 GMT" skipped="0">
  <testcase classname="org.test.Sample1" name="c" time="1.564"/>
  <testcase classname="org.test.Sample1" name="d" time="1.315"/>
  <testcase classname="org.test.Sample1" name="a" time="33.223"/>
  <testcase classname="org.test.Sample1" name="b" time="2.615"/>
  <testcase classname="org.test.Sample1" name="f" time="1.045"/>
</testsuite> <!-- org.test.Sample1 -->
