<?xml version="1.0" encoding="UTF-8"?>
<!-- Generated by org.testng.reporters.JUnitReportReporter -->
<testsuite hostname="LAPTOP-HDJE5QPF" failures="0" tests="3" name="org.test.Sample13" time="13.541" errors="0" timestamp="09 Apr 2021 06:58:27 GMT" skipped="0">
  <testcase classname="org.test.Sample13" name="t1" time="4.447"/>
  <testcase classname="org.test.Sample13" name="t1" time="5.049"/>
  <testcase classname="org.test.Sample13" name="t1" time="4.045"/>
</testsuite> <!-- org.test.Sample13 -->
